\BOOKMARK [0][-]{chapter.1}{\376\377\000A\000b\000o\000u\000t}{}% 1
\BOOKMARK [1][-]{section.1.1}{\376\377\000K\000e\000y\000\040\000f\000e\000a\000t\000u\000r\000e\000s}{chapter.1}% 2
\BOOKMARK [1][-]{section.1.2}{\376\377\000W\000h\000o\000\040\000i\000s\000\040\000i\000t\000\040\000f\000o\000r\000?}{chapter.1}% 3
\BOOKMARK [1][-]{section.1.3}{\376\377\000D\000e\000v\000e\000l\000o\000p\000m\000e\000n\000t\000\040\000t\000e\000a\000m}{chapter.1}% 4
\BOOKMARK [0][-]{chapter.2}{\376\377\000I\000n\000s\000t\000a\000l\000l\000a\000t\000i\000o\000n}{}% 5
\BOOKMARK [1][-]{section.2.1}{\376\377\000C\000r\000e\000a\000t\000e\000\040\000a\000\040\000n\000e\000w\000\040\000e\000n\000v\000i\000r\000o\000n\000m\000e\000n\000t}{chapter.2}% 6
\BOOKMARK [1][-]{section.2.2}{\376\377\000I\000n\000s\000t\000a\000l\000l\000\040\000p\000y\000s\000e\000w\000e\000r\000\040\000v\000i\000a\000\040\000p\000i\000p}{chapter.2}% 7
\BOOKMARK [0][-]{chapter.3}{\376\377\000P\000y\000s\000e\000w\000e\000r\000\040\000M\000o\000d\000u\000l\000e\000s}{}% 8
\BOOKMARK [1][-]{section.3.1}{\376\377\000D\000e\000f\000a\000u\000l\000t\000\040\000s\000e\000t\000t\000i\000n\000g\000s}{chapter.3}% 9
\BOOKMARK [1][-]{section.3.2}{\376\377\000E\000x\000p\000o\000r\000t}{chapter.3}% 10
\BOOKMARK [1][-]{section.3.3}{\376\377\000H\000e\000l\000p\000e\000r}{chapter.3}% 11
\BOOKMARK [2][-]{subsection.3.3.1}{\376\377\000P\000a\000r\000a\000m\000e\000t\000e\000r\000s\000:}{section.3.3}% 12
\BOOKMARK [2][-]{subsection.3.3.2}{\376\377\000R\000e\000t\000u\000r\000n\000s\000:}{section.3.3}% 13
\BOOKMARK [2][-]{subsection.3.3.3}{\376\377\000P\000a\000r\000a\000m\000e\000t\000e\000r\000s\000:}{section.3.3}% 14
\BOOKMARK [2][-]{subsection.3.3.4}{\376\377\000R\000e\000t\000u\000r\000n\000s\000:}{section.3.3}% 15
\BOOKMARK [2][-]{subsection.3.3.5}{\376\377\000P\000a\000r\000a\000m\000e\000t\000e\000r\000s\000:}{section.3.3}% 16
\BOOKMARK [2][-]{subsection.3.3.6}{\376\377\000R\000e\000t\000u\000r\000n\000s\000:}{section.3.3}% 17
\BOOKMARK [2][-]{subsection.3.3.7}{\376\377\000P\000a\000r\000a\000m\000e\000t\000e\000r\000s\000:}{section.3.3}% 18
\BOOKMARK [2][-]{subsection.3.3.8}{\376\377\000R\000e\000t\000u\000r\000n\000s\000:}{section.3.3}% 19
\BOOKMARK [2][-]{subsection.3.3.9}{\376\377\000P\000a\000r\000a\000m\000e\000t\000e\000r\000s\000:}{section.3.3}% 20
\BOOKMARK [2][-]{subsection.3.3.10}{\376\377\000R\000e\000t\000u\000r\000n\000s\000:}{section.3.3}% 21
\BOOKMARK [1][-]{section.3.4}{\376\377\000O\000p\000t\000i\000m\000i\000z\000a\000t\000i\000o\000n}{chapter.3}% 22
\BOOKMARK [2][-]{subsection.3.4.1}{\376\377\000P\000a\000r\000a\000m\000e\000t\000e\000r\000s\000:}{section.3.4}% 23
\BOOKMARK [2][-]{subsection.3.4.2}{\376\377\000R\000e\000t\000u\000r\000n\000s\000:}{section.3.4}% 24
\BOOKMARK [1][-]{section.3.5}{\376\377\000V\000i\000s\000u\000a\000l\000i\000z\000a\000t\000i\000o\000n}{chapter.3}% 25
\BOOKMARK [1][-]{section.3.6}{\376\377\000P\000r\000e\000p\000r\000o\000c\000e\000s\000s\000i\000n\000g}{chapter.3}% 26
\BOOKMARK [2][-]{subsection.3.6.1}{\376\377\000R\000e\000t\000u\000r\000n\000s\000:}{section.3.6}% 27
\BOOKMARK [2][-]{subsection.3.6.2}{\376\377\000M\000e\000t\000h\000o\000d\000s\000:}{section.3.6}% 28
\BOOKMARK [1][-]{section.3.7}{\376\377\000R\000o\000u\000t\000i\000n\000g}{chapter.3}% 29
\BOOKMARK [1][-]{section.3.8}{\376\377\000S\000i\000m\000p\000l\000i\000f\000y\000\040\000G\000r\000a\000p\000h}{chapter.3}% 30
\BOOKMARK [0][-]{chapter.4}{\376\377\000I\000n\000d\000i\000c\000e\000s\000\040\000a\000n\000d\000\040\000t\000a\000b\000l\000e\000s}{}% 31
\BOOKMARK [0][-]{section*.135}{\376\377\000P\000y\000t\000h\000o\000n\000\040\000M\000o\000d\000u\000l\000e\000\040\000I\000n\000d\000e\000x}{}% 32
\BOOKMARK [0][-]{section*.136}{\376\377\000I\000n\000d\000e\000x}{}% 33
